0 info it worked if it ends with ok
1 verbose cli [ '/Users/ssanku/Documents/hdp/reference-apps/iot-trucking-app/trucking-web-portal/node/node',
1 verbose cli   '/Users/ssanku/Documents/hdp/reference-apps/iot-trucking-app/trucking-web-portal/node/npm/bin/npm-cli.js',
1 verbose cli   'install',
1 verbose cli   '--color=false' ]
2 info using npm@1.4.9
3 info using node@v0.10.28
4 warn package.json @ No repository field.
5 verbose readDependencies using package.json deps
6 verbose install where, deps [ '/Users/ssanku/Documents/hdp/reference-apps/iot-trucking-app/trucking-web-portal',
6 verbose install   [ 'bower',
6 verbose install     'eventemitter3',
6 verbose install     'event-stream',
6 verbose install     'grunt',
6 verbose install     'grunt-autoprefixer',
6 verbose install     'grunt-bower-install',
6 verbose install     'grunt-cli',
6 verbose install     'grunt-concurrent',
6 verbose install     'grunt-connect-proxy',
6 verbose install     'grunt-contrib-clean',
6 verbose install     'grunt-contrib-concat',
6 verbose install     'grunt-contrib-connect',
6 verbose install     'grunt-contrib-copy',
6 verbose install     'grunt-contrib-cssmin',
6 verbose install     'grunt-contrib-htmlmin',
6 verbose install     'grunt-contrib-imagemin',
6 verbose install     'grunt-contrib-jshint',
6 verbose install     'grunt-contrib-uglify',
6 verbose install     'grunt-contrib-watch',
6 verbose install     'grunt-karma',
6 verbose install     'grunt-ngdocs',
6 verbose install     'grunt-ngmin',
6 verbose install     'grunt-rev',
6 verbose install     'grunt-svgmin',
6 verbose install     'grunt-usemin',
6 verbose install     'karma',
6 verbose install     'karma-html2js-preprocessor',
6 verbose install     'karma-jasmine',
6 verbose install     'karma-phantomjs-launcher',
6 verbose install     'karma-requirejs',
6 verbose install     'karma-script-launcher',
6 verbose install     'load-grunt-tasks',
6 verbose install     'time-grunt',
6 verbose install     'karma-coverage' ] ]
7 info preinstall @
8 verbose readDependencies using package.json deps
9 verbose already installed skipping bower@~1.3.8 /Users/ssanku/Documents/hdp/reference-apps/iot-trucking-app/trucking-web-portal
10 verbose already installed skipping eventemitter3@^0.1.6 /Users/ssanku/Documents/hdp/reference-apps/iot-trucking-app/trucking-web-portal
11 verbose already installed skipping event-stream@3.1.2 /Users/ssanku/Documents/hdp/reference-apps/iot-trucking-app/trucking-web-portal
12 verbose already installed skipping grunt@~0.4.4 /Users/ssanku/Documents/hdp/reference-apps/iot-trucking-app/trucking-web-portal
13 verbose already installed skipping grunt-autoprefixer@~0.7.5 /Users/ssanku/Documents/hdp/reference-apps/iot-trucking-app/trucking-web-portal
14 verbose already installed skipping grunt-bower-install@~1.3.0 /Users/ssanku/Documents/hdp/reference-apps/iot-trucking-app/trucking-web-portal
15 verbose already installed skipping grunt-cli@~0.1.13 /Users/ssanku/Documents/hdp/reference-apps/iot-trucking-app/trucking-web-portal
16 verbose already installed skipping grunt-concurrent@~0.5.0 /Users/ssanku/Documents/hdp/reference-apps/iot-trucking-app/trucking-web-portal
17 verbose already installed skipping grunt-connect-proxy@~0.1.10 /Users/ssanku/Documents/hdp/reference-apps/iot-trucking-app/trucking-web-portal
18 verbose already installed skipping grunt-contrib-concat@~0.3.0 /Users/ssanku/Documents/hdp/reference-apps/iot-trucking-app/trucking-web-portal
19 verbose already installed skipping grunt-contrib-clean@~0.5.0 /Users/ssanku/Documents/hdp/reference-apps/iot-trucking-app/trucking-web-portal
20 verbose already installed skipping grunt-contrib-connect@~0.7.1 /Users/ssanku/Documents/hdp/reference-apps/iot-trucking-app/trucking-web-portal
21 verbose already installed skipping grunt-contrib-copy@~0.5.0 /Users/ssanku/Documents/hdp/reference-apps/iot-trucking-app/trucking-web-portal
22 verbose already installed skipping grunt-contrib-cssmin@~0.9.0 /Users/ssanku/Documents/hdp/reference-apps/iot-trucking-app/trucking-web-portal
23 verbose already installed skipping grunt-contrib-htmlmin@~0.2.0 /Users/ssanku/Documents/hdp/reference-apps/iot-trucking-app/trucking-web-portal
24 verbose already installed skipping grunt-contrib-imagemin@~0.5.0 /Users/ssanku/Documents/hdp/reference-apps/iot-trucking-app/trucking-web-portal
25 verbose already installed skipping grunt-contrib-jshint@~0.9.2 /Users/ssanku/Documents/hdp/reference-apps/iot-trucking-app/trucking-web-portal
26 verbose already installed skipping grunt-contrib-watch@~0.6.1 /Users/ssanku/Documents/hdp/reference-apps/iot-trucking-app/trucking-web-portal
27 verbose already installed skipping grunt-contrib-uglify@~0.4.0 /Users/ssanku/Documents/hdp/reference-apps/iot-trucking-app/trucking-web-portal
28 verbose already installed skipping grunt-karma@~0.8.2 /Users/ssanku/Documents/hdp/reference-apps/iot-trucking-app/trucking-web-portal
29 verbose already installed skipping grunt-ngdocs@~0.2.2 /Users/ssanku/Documents/hdp/reference-apps/iot-trucking-app/trucking-web-portal
30 verbose already installed skipping grunt-ngmin@~0.0.3 /Users/ssanku/Documents/hdp/reference-apps/iot-trucking-app/trucking-web-portal
31 verbose already installed skipping grunt-rev@~0.1.0 /Users/ssanku/Documents/hdp/reference-apps/iot-trucking-app/trucking-web-portal
32 verbose already installed skipping grunt-svgmin@~0.4.0 /Users/ssanku/Documents/hdp/reference-apps/iot-trucking-app/trucking-web-portal
33 verbose already installed skipping grunt-usemin@~2.1.0 /Users/ssanku/Documents/hdp/reference-apps/iot-trucking-app/trucking-web-portal
34 verbose already installed skipping karma-html2js-preprocessor@~0.1.0 /Users/ssanku/Documents/hdp/reference-apps/iot-trucking-app/trucking-web-portal
35 verbose already installed skipping karma@~0.12.1 /Users/ssanku/Documents/hdp/reference-apps/iot-trucking-app/trucking-web-portal
36 verbose already installed skipping karma-jasmine@~0.2.2 /Users/ssanku/Documents/hdp/reference-apps/iot-trucking-app/trucking-web-portal
37 verbose already installed skipping karma-phantomjs-launcher@~0.1.2 /Users/ssanku/Documents/hdp/reference-apps/iot-trucking-app/trucking-web-portal
38 verbose already installed skipping karma-requirejs@~0.2.1 /Users/ssanku/Documents/hdp/reference-apps/iot-trucking-app/trucking-web-portal
39 verbose already installed skipping karma-script-launcher@~0.1.0 /Users/ssanku/Documents/hdp/reference-apps/iot-trucking-app/trucking-web-portal
40 verbose already installed skipping load-grunt-tasks@~0.4.0 /Users/ssanku/Documents/hdp/reference-apps/iot-trucking-app/trucking-web-portal
41 verbose already installed skipping time-grunt@~0.2.7 /Users/ssanku/Documents/hdp/reference-apps/iot-trucking-app/trucking-web-portal
42 verbose already installed skipping karma-coverage@~0.2.4 /Users/ssanku/Documents/hdp/reference-apps/iot-trucking-app/trucking-web-portal
43 silly resolved []
44 info build /Users/ssanku/Documents/hdp/reference-apps/iot-trucking-app/trucking-web-portal
45 verbose linkStuff [ false,
45 verbose linkStuff   false,
45 verbose linkStuff   false,
45 verbose linkStuff   '/Users/ssanku/Documents/hdp/reference-apps/iot-trucking-app' ]
46 info linkStuff @
47 verbose linkBins @
48 verbose linkMans @
49 verbose rebuildBundles @
50 verbose rebuildBundles [ '.bin',
50 verbose rebuildBundles   'bower',
50 verbose rebuildBundles   'event-stream',
50 verbose rebuildBundles   'eventemitter3',
50 verbose rebuildBundles   'grunt',
50 verbose rebuildBundles   'grunt-autoprefixer',
50 verbose rebuildBundles   'grunt-bower-install',
50 verbose rebuildBundles   'grunt-cli',
50 verbose rebuildBundles   'grunt-concurrent',
50 verbose rebuildBundles   'grunt-connect-proxy',
50 verbose rebuildBundles   'grunt-contrib-clean',
50 verbose rebuildBundles   'grunt-contrib-concat',
50 verbose rebuildBundles   'grunt-contrib-connect',
50 verbose rebuildBundles   'grunt-contrib-copy',
50 verbose rebuildBundles   'grunt-contrib-cssmin',
50 verbose rebuildBundles   'grunt-contrib-htmlmin',
50 verbose rebuildBundles   'grunt-contrib-imagemin',
50 verbose rebuildBundles   'grunt-contrib-jshint',
50 verbose rebuildBundles   'grunt-contrib-uglify',
50 verbose rebuildBundles   'grunt-contrib-watch',
50 verbose rebuildBundles   'grunt-karma',
50 verbose rebuildBundles   'grunt-ngdocs',
50 verbose rebuildBundles   'grunt-ngmin',
50 verbose rebuildBundles   'grunt-rev',
50 verbose rebuildBundles   'grunt-svgmin',
50 verbose rebuildBundles   'grunt-usemin',
50 verbose rebuildBundles   'http-proxy',
50 verbose rebuildBundles   'karma',
50 verbose rebuildBundles   'karma-coverage',
50 verbose rebuildBundles   'karma-html2js-preprocessor',
50 verbose rebuildBundles   'karma-jasmine',
50 verbose rebuildBundles   'karma-phantomjs-launcher',
50 verbose rebuildBundles   'karma-requirejs',
50 verbose rebuildBundles   'karma-script-launcher',
50 verbose rebuildBundles   'load-grunt-tasks',
50 verbose rebuildBundles   'requirejs',
50 verbose rebuildBundles   'time-grunt' ]
51 verbose rebuild bundle /Users/ssanku/Documents/hdp/reference-apps/iot-trucking-app/trucking-web-portal/node_modules/http-proxy
52 info build /Users/ssanku/Documents/hdp/reference-apps/iot-trucking-app/trucking-web-portal/node_modules/http-proxy
53 info preinstall http-proxy@1.11.0
54 verbose linkStuff [ false,
54 verbose linkStuff   false,
54 verbose linkStuff   false,
54 verbose linkStuff   '/Users/ssanku/Documents/hdp/reference-apps/iot-trucking-app/trucking-web-portal/node_modules' ]
55 info linkStuff http-proxy@1.11.0
56 verbose linkBins http-proxy@1.11.0
57 verbose linkMans http-proxy@1.11.0
58 verbose rebuildBundles http-proxy@1.11.0
59 verbose rebuildBundles [ 'eventemitter3', 'requires-port' ]
60 info install http-proxy@1.11.0
61 info postinstall http-proxy@1.11.0
62 verbose rebuild bundle /Users/ssanku/Documents/hdp/reference-apps/iot-trucking-app/trucking-web-portal/node_modules/requirejs
63 info build /Users/ssanku/Documents/hdp/reference-apps/iot-trucking-app/trucking-web-portal/node_modules/requirejs
64 info preinstall requirejs@2.1.17
65 verbose linkStuff [ false,
65 verbose linkStuff   false,
65 verbose linkStuff   false,
65 verbose linkStuff   '/Users/ssanku/Documents/hdp/reference-apps/iot-trucking-app/trucking-web-portal/node_modules' ]
66 info linkStuff requirejs@2.1.17
67 verbose linkBins requirejs@2.1.17
68 verbose link bins [ { 'r.js': './bin/r.js' },
68 verbose link bins   '/Users/ssanku/Documents/hdp/reference-apps/iot-trucking-app/trucking-web-portal/node_modules/.bin',
68 verbose link bins   false ]
69 verbose linkMans requirejs@2.1.17
70 verbose rebuildBundles requirejs@2.1.17
71 info install requirejs@2.1.17
72 info postinstall requirejs@2.1.17
73 info install @
74 info postinstall @
75 verbose unsafe-perm in lifecycle true
76 info @ Failed to exec postinstall script
77 error @ postinstall: `bower install`
77 error Exit status 8
78 error Failed at the @ postinstall script.
78 error This is most likely a problem with the  package,
78 error not with npm itself.
78 error Tell the author that this fails on your system:
78 error     bower install
78 error You can get their info via:
78 error     npm owner ls
78 error There is likely additional logging output above.
79 error System Darwin 15.4.0
80 error command "/Users/ssanku/Documents/hdp/reference-apps/iot-trucking-app/trucking-web-portal/node/node" "/Users/ssanku/Documents/hdp/reference-apps/iot-trucking-app/trucking-web-portal/node/npm/bin/npm-cli.js" "install" "--color=false"
81 error cwd /Users/ssanku/Documents/hdp/reference-apps/iot-trucking-app/trucking-web-portal
82 error node -v v0.10.28
83 error npm -v 1.4.9
84 error code ELIFECYCLE
85 verbose exit [ 1, true ]
