0 info it worked if it ends with ok
1 verbose cli [ '/Users/ssanku/Documents/hdp/reference-apps/iot-trucking-app/node/node',
1 verbose cli   '/Users/ssanku/Documents/hdp/reference-apps/iot-trucking-app/node/node_modules/npm/bin/npm-cli.js',
1 verbose cli   'run',
1 verbose cli   'build' ]
2 info using npm@3.3.12
3 info using node@v5.3.0
4 verbose stack Error: ENOENT: no such file or directory, open '/Users/ssanku/Documents/hdp/package.json'
4 verbose stack     at Error (native)
5 verbose cwd /Users/ssanku/Documents/hdp/reference-apps/iot-trucking-app
6 error Darwin 15.4.0
7 error argv "/Users/ssanku/Documents/hdp/reference-apps/iot-trucking-app/node/node" "/Users/ssanku/Documents/hdp/reference-apps/iot-trucking-app/node/node_modules/npm/bin/npm-cli.js" "run" "build"
8 error node v5.3.0
9 error npm  v3.3.12
10 error path /Users/ssanku/Documents/hdp/package.json
11 error code ENOENT
12 error errno -2
13 error syscall open
14 error enoent ENOENT: no such file or directory, open '/Users/ssanku/Documents/hdp/package.json'
14 error enoent This is most likely not a problem with npm itself
14 error enoent and is related to npm not being able to find a file.
15 verbose exit [ -2, true ]
